Starting at: 2024-04-25T19:57:12.484
Running ML-IMC in the training mode.
Reading model from methanol-model-5-extended.bson

Neither gradients nor optimizer were provided, rerunning the training iteration with the current model...

Using the following symmetry functions as the neural input for each atom:
    G2 symmetry functions:
    eta, Å^-2; rcutoff, Å; rshift, Å
       G2(0.125, 10.0, 0.0)
       G2(4.0, 10.0, 3.0)
       G2(4.0, 10.0, 3.5)
       G2(4.0, 10.0, 4.0)
       G2(4.0, 10.0, 4.5)
       G2(4.0, 10.0, 5.0)
       G2(4.0, 10.0, 5.5)
       G2(4.0, 10.0, 6.0)
Maximum cutoff distance: 10.0 Å
Symmetry function scaling parameter: 1.0
Training a model using 4 reference system(s)
Using the following activation functions: ["identity", "relu", "relu", "identity"]

Starting the main part of the training...

Adaptive gradient scaling: false
Number of iterations: 100
Running MC simulation on 4 rank(s)...

Total number of steps: 20.0M
Number of equilibration steps per rank: 1.0M

Iteration 1...
   System 100CH3OH-CG:
       Acceptance ratio = 0.4952
       Max displacement = 1.3628
Regularization Loss = 0
Descriptor Loss = 0.60218996
   System 60CH3OH-CG:
       Acceptance ratio = 0.5007
       Max displacement = 1.8482
Regularization Loss = 0
Descriptor Loss = 0.13801246
   System 40CH3OH-CG:
       Acceptance ratio = 0.5034
       Max displacement = 2.3564
Regularization Loss = 0
Descriptor Loss = 0.12848966
   System 10CH3OH-CG:
       Acceptance ratio = 0.5
       Max displacement = 8.832
Regularization Loss = 0
Descriptor Loss = 0.64565667
   
Total Average Loss = 0.37858719

Iteration 2...
   System 100CH3OH-CG:
       Acceptance ratio = 0.4991
       Max displacement = 1.3235
Regularization Loss = 0
Descriptor Loss = 0.58496973
   System 60CH3OH-CG:
       Acceptance ratio = 0.5027
       Max displacement = 1.8615
Regularization Loss = 0
Descriptor Loss = 0.1339369
   System 40CH3OH-CG:
       Acceptance ratio = 0.5006
       Max displacement = 2.3596
Regularization Loss = 0
Descriptor Loss = 0.12265873
   System 10CH3OH-CG:
       Acceptance ratio = 0.4994
       Max displacement = 9.1546
Regularization Loss = 0
Descriptor Loss = 0.61515966
   
Total Average Loss = 0.36418126

Iteration 3...
   System 100CH3OH-CG:
       Acceptance ratio = 0.5054
       Max displacement = 1.2738
Regularization Loss = 0
Descriptor Loss = 0.5974354
   System 60CH3OH-CG:
       Acceptance ratio = 0.5032
       Max displacement = 1.8264
Regularization Loss = 0
Descriptor Loss = 0.13262762
   System 40CH3OH-CG:
       Acceptance ratio = 0.5085
       Max displacement = 2.319
Regularization Loss = 0
Descriptor Loss = 0.10997306
   System 10CH3OH-CG:
       Acceptance ratio = 0.5005
       Max displacement = 9.2684
Regularization Loss = 0
Descriptor Loss = 0.58029665
   
Total Average Loss = 0.35508318

Iteration 4...
   System 100CH3OH-CG:
       Acceptance ratio = 0.4946
       Max displacement = 1.4516
Regularization Loss = 0
Descriptor Loss = 0.78528724
   System 60CH3OH-CG:
       Acceptance ratio = 0.5016
       Max displacement = 1.8562
Regularization Loss = 0
Descriptor Loss = 0.13257581
   System 40CH3OH-CG:
       Acceptance ratio = 0.5033
       Max displacement = 2.3226
Regularization Loss = 0
Descriptor Loss = 0.10559493
   System 10CH3OH-CG:
       Acceptance ratio = 0.5001
       Max displacement = 8.4966
Regularization Loss = 0
Descriptor Loss = 0.55823132
   
Total Average Loss = 0.39542233

Iteration 5...
   System 100CH3OH-CG:
       Acceptance ratio = 0.4932
       Max displacement = 1.4975
Regularization Loss = 0
Descriptor Loss = 0.84184189
   System 60CH3OH-CG:
       Acceptance ratio = 0.495
       Max displacement = 1.8968
Regularization Loss = 0
Descriptor Loss = 0.13960809
   System 40CH3OH-CG:
       Acceptance ratio = 0.5038
       Max displacement = 2.315
Regularization Loss = 0
Descriptor Loss = 0.10296815
   System 10CH3OH-CG:
       Acceptance ratio = 0.5028
       Max displacement = 8.4316
Regularization Loss = 0
Descriptor Loss = 0.56068456
   
Total Average Loss = 0.41127567

Iteration 6...
   System 100CH3OH-CG:
       Acceptance ratio = 0.5038
       Max displacement = 1.3483
Regularization Loss = 0
Descriptor Loss = 0.68056591
   System 60CH3OH-CG:
       Acceptance ratio = 0.5021
       Max displacement = 1.8688
Regularization Loss = 0
Descriptor Loss = 0.14584612
   System 40CH3OH-CG:
       Acceptance ratio = 0.5098
       Max displacement = 2.2616
Regularization Loss = 0
Descriptor Loss = 0.11779556
   System 10CH3OH-CG:
       Acceptance ratio = 0.4978
       Max displacement = 9.6742
Regularization Loss = 0
Descriptor Loss = 0.5088582
   
Total Average Loss = 0.36326645

Iteration 7...
   System 100CH3OH-CG:
       Acceptance ratio = 0.5041
       Max displacement = 1.3545
Regularization Loss = 0
Descriptor Loss = 0.67578271
   System 60CH3OH-CG:
       Acceptance ratio = 0.5042
       Max displacement = 1.7947
Regularization Loss = 0
Descriptor Loss = 0.17624533
   System 40CH3OH-CG:
       Acceptance ratio = 0.508
       Max displacement = 2.2775
Regularization Loss = 0
Descriptor Loss = 0.13139811
   System 10CH3OH-CG:
       Acceptance ratio = 0.4984
       Max displacement = 9.6264
Regularization Loss = 0
Descriptor Loss = 0.51076009
   
Total Average Loss = 0.37354656

Iteration 8...
   System 100CH3OH-CG:
       Acceptance ratio = 0.4954
       Max displacement = 1.3204
Regularization Loss = 0
Descriptor Loss = 0.59885643
   System 60CH3OH-CG:
       Acceptance ratio = 0.5025
       Max displacement = 1.8348
Regularization Loss = 0
Descriptor Loss = 0.15485297
   System 40CH3OH-CG:
       Acceptance ratio = 0.5038
       Max displacement = 2.314
Regularization Loss = 0
Descriptor Loss = 0.13131293
   System 10CH3OH-CG:
       Acceptance ratio = 0.4998
       Max displacement = 8.9523
Regularization Loss = 0
Descriptor Loss = 0.52425355
   
Total Average Loss = 0.35231897

Iteration 9...
   System 100CH3OH-CG:
       Acceptance ratio = 0.5061
       Max displacement = 1.3174
Regularization Loss = 0
Descriptor Loss = 0.62988058
   System 60CH3OH-CG:
       Acceptance ratio = 0.5034
       Max displacement = 1.8369
Regularization Loss = 0
Descriptor Loss = 0.15047441
   System 40CH3OH-CG:
       Acceptance ratio = 0.5039
       Max displacement = 2.2939
Regularization Loss = 0
Descriptor Loss = 0.12559782
   System 10CH3OH-CG:
       Acceptance ratio = 0.5004
       Max displacement = 9.0452
Regularization Loss = 0
Descriptor Loss = 0.52750277
   
Total Average Loss = 0.35836389

Iteration 10...
   System 100CH3OH-CG:
       Acceptance ratio = 0.4953
       Max displacement = 1.4093
Regularization Loss = 0
Descriptor Loss = 0.69493146
   System 60CH3OH-CG:
       Acceptance ratio = 0.4986
       Max displacement = 1.8559
Regularization Loss = 0
Descriptor Loss = 0.15227311
   System 40CH3OH-CG:
       Acceptance ratio = 0.5035
       Max displacement = 2.2494
Regularization Loss = 0
Descriptor Loss = 0.12784615
   System 10CH3OH-CG:
       Acceptance ratio = 0.4969
       Max displacement = 9.1375
Regularization Loss = 0
Descriptor Loss = 0.52917073
   
Total Average Loss = 0.37605536

Iteration 11...
   System 100CH3OH-CG:
       Acceptance ratio = 0.4973
       Max displacement = 1.3987
Regularization Loss = 0
Descriptor Loss = 0.7059499
   System 60CH3OH-CG:
       Acceptance ratio = 0.4943
       Max displacement = 1.8146
Regularization Loss = 0
Descriptor Loss = 0.16415693
   System 40CH3OH-CG:
       Acceptance ratio = 0.4988
       Max displacement = 2.3162
Regularization Loss = 0
Descriptor Loss = 0.14037707
   System 10CH3OH-CG:
       Acceptance ratio = 0.5065
       Max displacement = 7.6012
Regularization Loss = 0
Descriptor Loss = 0.58168374
   
Total Average Loss = 0.39804191

Iteration 12...
   System 100CH3OH-CG:
       Acceptance ratio = 0.4953
       Max displacement = 1.354
Regularization Loss = 0
Descriptor Loss = 0.6340597
   System 60CH3OH-CG:
       Acceptance ratio = 0.5057
       Max displacement = 1.7697
Regularization Loss = 0
Descriptor Loss = 0.1534568
   System 40CH3OH-CG:
       Acceptance ratio = 0.4969
       Max displacement = 2.3349
Regularization Loss = 0
Descriptor Loss = 0.1443765
   System 10CH3OH-CG:
       Acceptance ratio = 0.4982
       Max displacement = 8.5294
Regularization Loss = 0
Descriptor Loss = 0.58213389
   
Total Average Loss = 0.37850672

Iteration 13...
   System 100CH3OH-CG:
       Acceptance ratio = 0.5047
       Max displacement = 1.3213
Regularization Loss = 0
Descriptor Loss = 0.64546439
   System 60CH3OH-CG:
       Acceptance ratio = 0.4935
       Max displacement = 1.8304
Regularization Loss = 0
Descriptor Loss = 0.18600287
   System 40CH3OH-CG:
       Acceptance ratio = 0.508
       Max displacement = 2.229
Regularization Loss = 0
Descriptor Loss = 0.16133769
   System 10CH3OH-CG:
       Acceptance ratio = 0.4994
       Max displacement = 8.4412
Regularization Loss = 0
Descriptor Loss = 0.59426028
   
Total Average Loss = 0.39676631

Iteration 14...
   System 100CH3OH-CG:
       Acceptance ratio = 0.507
       Max displacement = 1.2988
Regularization Loss = 0
Descriptor Loss = 0.65238716
   System 60CH3OH-CG:
       Acceptance ratio = 0.4973
       Max displacement = 1.8253
Regularization Loss = 0
Descriptor Loss = 0.19116114
   System 40CH3OH-CG:
       Acceptance ratio = 0.4982
       Max displacement = 2.311
Regularization Loss = 0
Descriptor Loss = 0.17551934
   System 10CH3OH-CG:
       Acceptance ratio = 0.4953
       Max displacement = 8.8697
Regularization Loss = 0
Descriptor Loss = 0.55022657
   
Total Average Loss = 0.39232355

Iteration 15...
   System 100CH3OH-CG:
       Acceptance ratio = 0.4989
       Max displacement = 1.2999
Regularization Loss = 0
Descriptor Loss = 0.61157392
   System 60CH3OH-CG:
       Acceptance ratio = 0.5035
       Max displacement = 1.7674
Regularization Loss = 0
Descriptor Loss = 0.2059021
   System 40CH3OH-CG:
       Acceptance ratio = 0.4955
       Max displacement = 2.3593
Regularization Loss = 0
Descriptor Loss = 0.18787313
   System 10CH3OH-CG:
       Acceptance ratio = 0.4993
       Max displacement = 8.5559
Regularization Loss = 0
Descriptor Loss = 0.56005035
   
Total Average Loss = 0.39134988

Iteration 16...
   System 100CH3OH-CG:
       Acceptance ratio = 0.5058
       Max displacement = 1.316
Regularization Loss = 0
Descriptor Loss = 0.68760096
   System 60CH3OH-CG:
       Acceptance ratio = 0.4964
       Max displacement = 1.839
Regularization Loss = 0
Descriptor Loss = 0.22224363
   System 40CH3OH-CG:
       Acceptance ratio = 0.4956
       Max displacement = 2.3203
Regularization Loss = 0
Descriptor Loss = 0.21501404
   System 10CH3OH-CG:
       Acceptance ratio = 0.4987
       Max displacement = 8.4197
Regularization Loss = 0
Descriptor Loss = 0.57969542
   
Total Average Loss = 0.42613851

Iteration 17...
   System 100CH3OH-CG:
       Acceptance ratio = 0.494
       Max displacement = 1.2968
Regularization Loss = 0
Descriptor Loss = 0.64256622
   System 60CH3OH-CG:
       Acceptance ratio = 0.4998
       Max displacement = 1.8057
Regularization Loss = 0
Descriptor Loss = 0.22468792
   System 40CH3OH-CG:
       Acceptance ratio = 0.5014
       Max displacement = 2.2434
Regularization Loss = 0
Descriptor Loss = 0.21004337
   System 10CH3OH-CG:
       Acceptance ratio = 0.5017
       Max displacement = 8.2563
Regularization Loss = 0
Descriptor Loss = 0.55010849
   
Total Average Loss = 0.4068515

Iteration 18...
   System 100CH3OH-CG:
       Acceptance ratio = 0.499
       Max displacement = 1.2993
Regularization Loss = 0
Descriptor Loss = 0.71034492
   System 60CH3OH-CG:
       Acceptance ratio = 0.501
       Max displacement = 1.7937
Regularization Loss = 0
Descriptor Loss = 0.21902344
   System 40CH3OH-CG:
       Acceptance ratio = 0.5019
       Max displacement = 2.1998
Regularization Loss = 0
Descriptor Loss = 0.17036283
   System 10CH3OH-CG:
       Acceptance ratio = 0.496
       Max displacement = 9.1155
Regularization Loss = 0
Descriptor Loss = 0.47871159
   
Total Average Loss = 0.3946107

Iteration 19...
   System 100CH3OH-CG:
       Acceptance ratio = 0.5024
       Max displacement = 1.2821
Regularization Loss = 0
Descriptor Loss = 0.75893037
   System 60CH3OH-CG:
       Acceptance ratio = 0.4938
       Max displacement = 1.8209
Regularization Loss = 0
Descriptor Loss = 0.21146916
   System 40CH3OH-CG:
       Acceptance ratio = 0.4995
       Max displacement = 2.2619
Regularization Loss = 0
Descriptor Loss = 0.1422398
   System 10CH3OH-CG:
       Acceptance ratio = 0.498
       Max displacement = 9.2519
Regularization Loss = 0
Descriptor Loss = 0.50678614
   
Total Average Loss = 0.40485637

Iteration 20...
   System 100CH3OH-CG:
       Acceptance ratio = 0.5117
       Max displacement = 1.2082
Regularization Loss = 0
Descriptor Loss = 0.7409092
   System 60CH3OH-CG:
       Acceptance ratio = 0.4963
       Max displacement = 1.8174
Regularization Loss = 0
Descriptor Loss = 0.19706905
   System 40CH3OH-CG:
       Acceptance ratio = 0.5093
       Max displacement = 2.1731
Regularization Loss = 0
Descriptor Loss = 0.11281464
   System 10CH3OH-CG:
       Acceptance ratio = 0.4982
       Max displacement = 9.5053
Regularization Loss = 0
Descriptor Loss = 0.56781811
   
Total Average Loss = 0.40465275

Iteration 21...
   System 100CH3OH-CG:
       Acceptance ratio = 0.4955
       Max displacement = 1.359
Regularization Loss = 0
Descriptor Loss = 0.87527472
   System 60CH3OH-CG:
       Acceptance ratio = 0.5001
       Max displacement = 1.7652
Regularization Loss = 0
Descriptor Loss = 0.18380541
   System 40CH3OH-CG:
       Acceptance ratio = 0.5002
       Max displacement = 2.2637
Regularization Loss = 0
Descriptor Loss = 0.10477489
   System 10CH3OH-CG:
       Acceptance ratio = 0.5002
       Max displacement = 9.7715
Regularization Loss = 0
Descriptor Loss = 0.73493387
   
Total Average Loss = 0.47469722

Iteration 22...
   System 100CH3OH-CG:
       Acceptance ratio = 0.5077
       Max displacement = 1.2423
Regularization Loss = 0
Descriptor Loss = 0.74672771
   System 60CH3OH-CG:
       Acceptance ratio = 0.5015
       Max displacement = 1.8137
Regularization Loss = 0
Descriptor Loss = 0.17200121
   System 40CH3OH-CG:
       Acceptance ratio = 0.4955
       Max displacement = 2.367
Regularization Loss = 0
Descriptor Loss = 0.11801486
   System 10CH3OH-CG:
       Acceptance ratio = 0.498
       Max displacement = 10.3444
Regularization Loss = 0
Descriptor Loss = 0.87500953
   
Total Average Loss = 0.47793833

Iteration 23...
   System 100CH3OH-CG:
       Acceptance ratio = 0.484
       Max displacement = 1.4564
Regularization Loss = 0
Descriptor Loss = 0.87584307
   System 60CH3OH-CG:
       Acceptance ratio = 0.4908
       Max displacement = 1.8579
Regularization Loss = 0
Descriptor Loss = 0.15470191
   System 40CH3OH-CG:
       Acceptance ratio = 0.5021
       Max displacement = 2.267
Regularization Loss = 0
Descriptor Loss = 0.11921073
   System 10CH3OH-CG:
       Acceptance ratio = 0.4997
       Max displacement = 10.9103
Regularization Loss = 0
Descriptor Loss = 1.06396594
   
Total Average Loss = 0.55343041

Iteration 24...
   System 100CH3OH-CG:
       Acceptance ratio = 0.485
       Max displacement = 1.3537
Regularization Loss = 0
Descriptor Loss = 0.65363345
   System 60CH3OH-CG:
       Acceptance ratio = 0.4976
       Max displacement = 1.8272
Regularization Loss = 0
Descriptor Loss = 0.13950331
   System 40CH3OH-CG:
       Acceptance ratio = 0.4951
       Max displacement = 2.3521
Regularization Loss = 0
Descriptor Loss = 0.12394591
   System 10CH3OH-CG:
       Acceptance ratio = 0.4996
       Max displacement = 11.3027
Regularization Loss = 0
Descriptor Loss = 1.19533837
   
Total Average Loss = 0.52810526

Iteration 25...
   System 100CH3OH-CG:
       Acceptance ratio = 0.5046
       Max displacement = 1.3016
Regularization Loss = 0
Descriptor Loss = 0.69722164
   System 60CH3OH-CG:
       Acceptance ratio = 0.5013
       Max displacement = 1.8339
Regularization Loss = 0
Descriptor Loss = 0.13188529
   System 40CH3OH-CG:
       Acceptance ratio = 0.4994
       Max displacement = 2.3038
Regularization Loss = 0
Descriptor Loss = 0.12980518
   System 10CH3OH-CG:
       Acceptance ratio = 0.4992
       Max displacement = 12.5102
Regularization Loss = 0
Descriptor Loss = 1.38244194
   
Total Average Loss = 0.58533851

Iteration 26...
   System 100CH3OH-CG:
       Acceptance ratio = 0.4898
       Max displacement = 1.3105
Regularization Loss = 0
Descriptor Loss = 0.57731728
   System 60CH3OH-CG:
       Acceptance ratio = 0.5013
       Max displacement = 1.7694
Regularization Loss = 0
Descriptor Loss = 0.12487737
   System 40CH3OH-CG:
       Acceptance ratio = 0.4956
       Max displacement = 2.3812
Regularization Loss = 0
Descriptor Loss = 0.14672891
   System 10CH3OH-CG:
       Acceptance ratio = 0.5017
       Max displacement = 11.2269
Regularization Loss = 0
Descriptor Loss = 1.32655236
   
Total Average Loss = 0.54386898

Iteration 27...
   System 100CH3OH-CG:
       Acceptance ratio = 0.5046
       Max displacement = 1.2625
Regularization Loss = 0
Descriptor Loss = 0.58408963
   System 60CH3OH-CG:
       Acceptance ratio = 0.4932
       Max displacement = 1.8766
Regularization Loss = 0
Descriptor Loss = 0.12231202
   System 40CH3OH-CG:
       Acceptance ratio = 0.5015
       Max displacement = 2.363
Regularization Loss = 0
Descriptor Loss = 0.14939211
   System 10CH3OH-CG:
       Acceptance ratio = 0.4996
       Max displacement = 11.59
Regularization Loss = 0
Descriptor Loss = 1.32693378
   
Total Average Loss = 0.54568189

Iteration 28...
   System 100CH3OH-CG:
       Acceptance ratio = 0.5009
       Max displacement = 1.2933
Regularization Loss = 0
Descriptor Loss = 0.56245494
   System 60CH3OH-CG:
       Acceptance ratio = 0.517
       Max displacement = 1.7095
Regularization Loss = 0
Descriptor Loss = 0.11738342
   System 40CH3OH-CG:
       Acceptance ratio = 0.4977
       Max displacement = 2.3675
Regularization Loss = 0
Descriptor Loss = 0.14757491
   System 10CH3OH-CG:
       Acceptance ratio = 0.5052
       Max displacement = 9.5707
Regularization Loss = 0
Descriptor Loss = 1.19092759
   
Total Average Loss = 0.50458521

Iteration 29...
   System 100CH3OH-CG:
       Acceptance ratio = 0.4949
       Max displacement = 1.3909
Regularization Loss = 0
Descriptor Loss = 0.6688648
   System 60CH3OH-CG:
       Acceptance ratio = 0.4995
       Max displacement = 1.8259
Regularization Loss = 0
Descriptor Loss = 0.11773763
   System 40CH3OH-CG:
       Acceptance ratio = 0.5056
       Max displacement = 2.3233
Regularization Loss = 0
Descriptor Loss = 0.15156225
   System 10CH3OH-CG:
       Acceptance ratio = 0.5014
       Max displacement = 10.3842
Regularization Loss = 0
Descriptor Loss = 1.16296311
   
Total Average Loss = 0.52528195

Iteration 30...
   System 100CH3OH-CG:
       Acceptance ratio = 0.4994
       Max displacement = 1.374
Regularization Loss = 0
Descriptor Loss = 0.66894204
   System 60CH3OH-CG:
       Acceptance ratio = 0.5048
       Max displacement = 1.8267
Regularization Loss = 0
Descriptor Loss = 0.11933548
   System 40CH3OH-CG:
       Acceptance ratio = 0.5055
       Max displacement = 2.3167
Regularization Loss = 0
Descriptor Loss = 0.13539967
   System 10CH3OH-CG:
       Acceptance ratio = 0.4998
       Max displacement = 10.2482
Regularization Loss = 0
Descriptor Loss = 1.07998952
   
Total Average Loss = 0.50091668

Iteration 31...
   System 100CH3OH-CG:
       Acceptance ratio = 0.505
       Max displacement = 1.3142
Regularization Loss = 0
Descriptor Loss = 0.58819497
   System 60CH3OH-CG:
       Acceptance ratio = 0.5021
       Max displacement = 1.827
Regularization Loss = 0
Descriptor Loss = 0.11652188
   System 40CH3OH-CG:
       Acceptance ratio = 0.4982
       Max displacement = 2.3836
Regularization Loss = 0
Descriptor Loss = 0.13716813
   System 10CH3OH-CG:
       Acceptance ratio = 0.4976
       Max displacement = 10.6474
Regularization Loss = 0
Descriptor Loss = 1.01926368
   
Total Average Loss = 0.46528717

Iteration 32...
   System 100CH3OH-CG:
       Acceptance ratio = 0.5025
       Max displacement = 1.3386
Regularization Loss = 0
Descriptor Loss = 0.61410516
   System 60CH3OH-CG:
       Acceptance ratio = 0.5006
       Max displacement = 1.8433
Regularization Loss = 0
Descriptor Loss = 0.12260902
   System 40CH3OH-CG:
       Acceptance ratio = 0.4947
       Max displacement = 2.43
Regularization Loss = 0
Descriptor Loss = 0.13412526
   System 10CH3OH-CG:
       Acceptance ratio = 0.5003
       Max displacement = 9.852
Regularization Loss = 0
Descriptor Loss = 0.89382533
   
Total Average Loss = 0.44116619

Iteration 33...
   System 100CH3OH-CG:
       Acceptance ratio = 0.4984
       Max displacement = 1.3897
Regularization Loss = 0
Descriptor Loss = 0.65950891
   System 60CH3OH-CG:
       Acceptance ratio = 0.5046
       Max displacement = 1.8035
Regularization Loss = 0
Descriptor Loss = 0.12879983
   System 40CH3OH-CG:
       Acceptance ratio = 0.4995
       Max displacement = 2.3805
Regularization Loss = 0
Descriptor Loss = 0.12409793
   System 10CH3OH-CG:
       Acceptance ratio = 0.4982
       Max displacement = 9.5883
Regularization Loss = 0
Descriptor Loss = 0.83337226
   
Total Average Loss = 0.43644473

Iteration 34...
   System 100CH3OH-CG:
       Acceptance ratio = 0.5021
       Max displacement = 1.3455
Regularization Loss = 0
Descriptor Loss = 0.63756632
   System 60CH3OH-CG:
       Acceptance ratio = 0.5007
       Max displacement = 1.8166
Regularization Loss = 0
Descriptor Loss = 0.13509504
   System 40CH3OH-CG:
       Acceptance ratio = 0.499
       Max displacement = 2.3969
Regularization Loss = 0
Descriptor Loss = 0.11823791
   System 10CH3OH-CG:
       Acceptance ratio = 0.4996
       Max displacement = 10.2596
Regularization Loss = 0
Descriptor Loss = 0.80096222
   
Total Average Loss = 0.42296537

Iteration 35...
   System 100CH3OH-CG:
       Acceptance ratio = 0.4942
       Max displacement = 1.3623
Regularization Loss = 0
Descriptor Loss = 0.60794457
   System 60CH3OH-CG:
       Acceptance ratio = 0.5067
       Max displacement = 1.842
Regularization Loss = 0
Descriptor Loss = 0.12193475
   System 40CH3OH-CG:
       Acceptance ratio = 0.5011
       Max displacement = 2.3328
Regularization Loss = 0
Descriptor Loss = 0.11869278
   System 10CH3OH-CG:
       Acceptance ratio = 0.5004
       Max displacement = 9.7901
Regularization Loss = 0
Descriptor Loss = 0.77686553
   
Total Average Loss = 0.40635941

Iteration 36...
   System 100CH3OH-CG:
       Acceptance ratio = 0.5012
       Max displacement = 1.3163
Regularization Loss = 0
Descriptor Loss = 0.61994142
   System 60CH3OH-CG:
       Acceptance ratio = 0.5049
       Max displacement = 1.8083
Regularization Loss = 0
Descriptor Loss = 0.13005714
   System 40CH3OH-CG:
       Acceptance ratio = 0.5012
       Max displacement = 2.3809
Regularization Loss = 0
Descriptor Loss = 0.11222887
   System 10CH3OH-CG:
       Acceptance ratio = 0.4995
       Max displacement = 9.8924
Regularization Loss = 0
Descriptor Loss = 0.73647641
   
Total Average Loss = 0.39967596

Iteration 37...
   System 100CH3OH-CG:
       Acceptance ratio = 0.5014
       Max displacement = 1.3351
Regularization Loss = 0
Descriptor Loss = 0.65744282
   System 60CH3OH-CG:
       Acceptance ratio = 0.5025
       Max displacement = 1.8144
Regularization Loss = 0
Descriptor Loss = 0.13457746
   System 40CH3OH-CG:
       Acceptance ratio = 0.4907
       Max displacement = 2.4412
Regularization Loss = 0
Descriptor Loss = 0.10392943
   System 10CH3OH-CG:
       Acceptance ratio = 0.4976
       Max displacement = 9.9331
Regularization Loss = 0
Descriptor Loss = 0.70639421
   
Total Average Loss = 0.40058598

Iteration 38...
   System 100CH3OH-CG:
       Acceptance ratio = 0.4976
       Max displacement = 1.3278
Regularization Loss = 0
Descriptor Loss = 0.64294176
   System 60CH3OH-CG:
       Acceptance ratio = 0.4924
       Max displacement = 1.8847
Regularization Loss = 0
Descriptor Loss = 0.13197825
   System 40CH3OH-CG:
       Acceptance ratio = 0.5033
       Max displacement = 2.3351
Regularization Loss = 0
Descriptor Loss = 0.09976051
   System 10CH3OH-CG:
       Acceptance ratio = 0.5014
       Max displacement = 9.4176
Regularization Loss = 0
Descriptor Loss = 0.64597221
   
Total Average Loss = 0.38016318

Iteration 39...
   System 100CH3OH-CG:
       Acceptance ratio = 0.4963
       Max displacement = 1.3919
Regularization Loss = 0
Descriptor Loss = 0.74482429
   System 60CH3OH-CG:
       Acceptance ratio = 0.5013
       Max displacement = 1.8364
Regularization Loss = 0
Descriptor Loss = 0.13128889
   System 40CH3OH-CG:
       Acceptance ratio = 0.4975
       Max displacement = 2.3828
Regularization Loss = 0
Descriptor Loss = 0.09937463
   System 10CH3OH-CG:
       Acceptance ratio = 0.5024
       Max displacement = 9.3594
Regularization Loss = 0
Descriptor Loss = 0.6271134
   
Total Average Loss = 0.4006503

Iteration 40...
   System 100CH3OH-CG:
       Acceptance ratio = 0.5037
       Max displacement = 1.3516
Regularization Loss = 0
Descriptor Loss = 0.76685844
   System 60CH3OH-CG:
       Acceptance ratio = 0.4975
       Max displacement = 1.8549
Regularization Loss = 0
Descriptor Loss = 0.13696584
   System 40CH3OH-CG:
       Acceptance ratio = 0.5103
       Max displacement = 2.2255
Regularization Loss = 0
Descriptor Loss = 0.09610426
   System 10CH3OH-CG:
       Acceptance ratio = 0.4995
       Max displacement = 9.5973
Regularization Loss = 0
Descriptor Loss = 0.61620882
   
Total Average Loss = 0.40403434

Iteration 41...
   System 100CH3OH-CG:
       Acceptance ratio = 0.4964
       Max displacement = 1.366
Regularization Loss = 0
Descriptor Loss = 0.71789575
   System 60CH3OH-CG:
       Acceptance ratio = 0.5019
       Max displacement = 1.8255
Regularization Loss = 0
Descriptor Loss = 0.13404762
   System 40CH3OH-CG:
       Acceptance ratio = 0.5121
       Max displacement = 2.2611
Regularization Loss = 0
Descriptor Loss = 0.09214266
   System 10CH3OH-CG:
       Acceptance ratio = 0.5013
       Max displacement = 9.3569
Regularization Loss = 0
Descriptor Loss = 0.58913017
   
Total Average Loss = 0.38330405

Iteration 42...
   System 100CH3OH-CG:
       Acceptance ratio = 0.4952
       Max displacement = 1.3903
Regularization Loss = 0
Descriptor Loss = 0.73600333
   System 60CH3OH-CG:
       Acceptance ratio = 0.5047
       Max displacement = 1.7708
Regularization Loss = 0
Descriptor Loss = 0.14022059
   System 40CH3OH-CG:
       Acceptance ratio = 0.4969
       Max displacement = 2.3327
Regularization Loss = 0
Descriptor Loss = 0.09712907
   System 10CH3OH-CG:
       Acceptance ratio = 0.5023
       Max displacement = 8.9989
Regularization Loss = 0
Descriptor Loss = 0.59998739
   
Total Average Loss = 0.3933351

Iteration 43...
   System 100CH3OH-CG:
       Acceptance ratio = 0.5048
       Max displacement = 1.2509
Regularization Loss = 0
Descriptor Loss = 0.61482668
   System 60CH3OH-CG:
       Acceptance ratio = 0.5017
       Max displacement = 1.826
Regularization Loss = 0
Descriptor Loss = 0.13709189
   System 40CH3OH-CG:
       Acceptance ratio = 0.5106
       Max displacement = 2.2738
Regularization Loss = 0
Descriptor Loss = 0.09395333
   System 10CH3OH-CG:
       Acceptance ratio = 0.4965
       Max displacement = 9.9919
Regularization Loss = 0
Descriptor Loss = 0.59098366
   
Total Average Loss = 0.35921389

Iteration 44...
   System 100CH3OH-CG:
       Acceptance ratio = 0.5078
       Max displacement = 1.308
Regularization Loss = 0
Descriptor Loss = 0.71541705
   System 60CH3OH-CG:
       Acceptance ratio = 0.505
       Max displacement = 1.8261
Regularization Loss = 0
Descriptor Loss = 0.13670016
   System 40CH3OH-CG:
       Acceptance ratio = 0.5008
       Max displacement = 2.32
Regularization Loss = 0
Descriptor Loss = 0.09351576
   System 10CH3OH-CG:
       Acceptance ratio = 0.5042
       Max displacement = 8.6439
Regularization Loss = 0
Descriptor Loss = 0.55638502
   
Total Average Loss = 0.3755045

Iteration 45...
   System 100CH3OH-CG:
       Acceptance ratio = 0.4994
       Max displacement = 1.3629
Regularization Loss = 0
Descriptor Loss = 0.73018179
   System 60CH3OH-CG:
       Acceptance ratio = 0.5016
       Max displacement = 1.8373
Regularization Loss = 0
Descriptor Loss = 0.13056893
   System 40CH3OH-CG:
       Acceptance ratio = 0.4863
       Max displacement = 2.4474
Regularization Loss = 0
Descriptor Loss = 0.09831483
   System 10CH3OH-CG:
       Acceptance ratio = 0.499
       Max displacement = 10.0225
Regularization Loss = 0
Descriptor Loss = 0.57908058
   
Total Average Loss = 0.38453653

Iteration 46...
   System 100CH3OH-CG:
       Acceptance ratio = 0.4992
       Max displacement = 1.3747
Regularization Loss = 0
Descriptor Loss = 0.74160954
   System 60CH3OH-CG:
       Acceptance ratio = 0.4988
       Max displacement = 1.8805
Regularization Loss = 0
Descriptor Loss = 0.12550458
   System 40CH3OH-CG:
       Acceptance ratio = 0.5039
       Max displacement = 2.2717
Regularization Loss = 0
Descriptor Loss = 0.09812735
   System 10CH3OH-CG:
       Acceptance ratio = 0.4981
       Max displacement = 9.6636
Regularization Loss = 0
Descriptor Loss = 0.61044431
   
Total Average Loss = 0.39392144

Iteration 47...
   System 100CH3OH-CG:
       Acceptance ratio = 0.497
       Max displacement = 1.3428
Regularization Loss = 0
Descriptor Loss = 0.64411272
   System 60CH3OH-CG:
       Acceptance ratio = 0.5046
       Max displacement = 1.8142
Regularization Loss = 0
Descriptor Loss = 0.12921368
   System 40CH3OH-CG:
       Acceptance ratio = 0.5052
       Max displacement = 2.2742
Regularization Loss = 0
Descriptor Loss = 0.09886636
   System 10CH3OH-CG:
       Acceptance ratio = 0.5004
       Max displacement = 9.1757
Regularization Loss = 0
Descriptor Loss = 0.59649832
   
Total Average Loss = 0.36717277

Iteration 48...
   System 100CH3OH-CG:
       Acceptance ratio = 0.493
       Max displacement = 1.3841
Regularization Loss = 0
Descriptor Loss = 0.65560928
   System 60CH3OH-CG:
       Acceptance ratio = 0.4991
       Max displacement = 1.8124
Regularization Loss = 0
Descriptor Loss = 0.12845322
   System 40CH3OH-CG:
       Acceptance ratio = 0.503
       Max displacement = 2.2938
Regularization Loss = 0
Descriptor Loss = 0.10092869
   System 10CH3OH-CG:
       Acceptance ratio = 0.5002
       Max displacement = 9.2789
Regularization Loss = 0
Descriptor Loss = 0.60044206
   
Total Average Loss = 0.37135831

Iteration 49...
   System 100CH3OH-CG:
       Acceptance ratio = 0.5039
       Max displacement = 1.286
Regularization Loss = 0
Descriptor Loss = 0.58606648
   System 60CH3OH-CG:
       Acceptance ratio = 0.496
       Max displacement = 1.8064
Regularization Loss = 0
Descriptor Loss = 0.13808402
   System 40CH3OH-CG:
       Acceptance ratio = 0.5003
       Max displacement = 2.3247
Regularization Loss = 0
Descriptor Loss = 0.10492559
   System 10CH3OH-CG:
       Acceptance ratio = 0.5004
       Max displacement = 9.6757
Regularization Loss = 0
Descriptor Loss = 0.59544694
   
Total Average Loss = 0.35613076

Iteration 50...
   System 100CH3OH-CG:
       Acceptance ratio = 0.4995
       Max displacement = 1.2912
Regularization Loss = 0
Descriptor Loss = 0.55554996
   System 60CH3OH-CG:
       Acceptance ratio = 0.5032
       Max displacement = 1.8191
Regularization Loss = 0
Descriptor Loss = 0.12159438
   System 40CH3OH-CG:
       Acceptance ratio = 0.5008
       Max displacement = 2.3086
Regularization Loss = 0
Descriptor Loss = 0.10732408
   System 10CH3OH-CG:
       Acceptance ratio = 0.5039
       Max displacement = 8.85
Regularization Loss = 0
Descriptor Loss = 0.58491726
   
Total Average Loss = 0.34234642

Iteration 51...
   System 100CH3OH-CG:
       Acceptance ratio = 0.4985
       Max displacement = 1.3538
Regularization Loss = 0
Descriptor Loss = 0.63377692
   System 60CH3OH-CG:
       Acceptance ratio = 0.5016
       Max displacement = 1.785
Regularization Loss = 0
Descriptor Loss = 0.13507337
   System 40CH3OH-CG:
       Acceptance ratio = 0.4987
       Max displacement = 2.3614
Regularization Loss = 0
Descriptor Loss = 0.11232049
   System 10CH3OH-CG:
       Acceptance ratio = 0.4982
       Max displacement = 9.401
Regularization Loss = 0
Descriptor Loss = 0.57276932
   
Total Average Loss = 0.36348503

Iteration 52...
   System 100CH3OH-CG:
       Acceptance ratio = 0.5036
       Max displacement = 1.3469
Regularization Loss = 0
Descriptor Loss = 0.65404164
   System 60CH3OH-CG:
       Acceptance ratio = 0.5092
       Max displacement = 1.7552
Regularization Loss = 0
Descriptor Loss = 0.13343329
   System 40CH3OH-CG:
       Acceptance ratio = 0.4963
       Max displacement = 2.3812
Regularization Loss = 0
Descriptor Loss = 0.12193201
   System 10CH3OH-CG:
       Acceptance ratio = 0.5006
       Max displacement = 9.0243
Regularization Loss = 0
Descriptor Loss = 0.55970547
   
Total Average Loss = 0.3672781

Iteration 53...
   System 100CH3OH-CG:
       Acceptance ratio = 0.504
       Max displacement = 1.3566
Regularization Loss = 0
Descriptor Loss = 0.65609337
   System 60CH3OH-CG:
       Acceptance ratio = 0.4977
       Max displacement = 1.8261
Regularization Loss = 0
Descriptor Loss = 0.14016555
   System 40CH3OH-CG:
       Acceptance ratio = 0.5032
       Max displacement = 2.268
Regularization Loss = 0
Descriptor Loss = 0.12992197
   System 10CH3OH-CG:
       Acceptance ratio = 0.4986
       Max displacement = 8.8619
Regularization Loss = 0
Descriptor Loss = 0.59274878
   
Total Average Loss = 0.37973241

Iteration 54...
   System 100CH3OH-CG:
       Acceptance ratio = 0.49
       Max displacement = 1.3343
Regularization Loss = 0
Descriptor Loss = 0.52107472
   System 60CH3OH-CG:
       Acceptance ratio = 0.4988
       Max displacement = 1.8221
Regularization Loss = 0
Descriptor Loss = 0.14135022
   System 40CH3OH-CG:
       Acceptance ratio = 0.4953
       Max displacement = 2.3247
Regularization Loss = 0
Descriptor Loss = 0.14280924
   System 10CH3OH-CG:
       Acceptance ratio = 0.4995
       Max displacement = 8.6487
Regularization Loss = 0
Descriptor Loss = 0.57461975
   
Total Average Loss = 0.34496348

Iteration 55...
   System 100CH3OH-CG:
       Acceptance ratio = 0.5088
       Max displacement = 1.3175
Regularization Loss = 0
Descriptor Loss = 0.61264954
   System 60CH3OH-CG:
       Acceptance ratio = 0.5023
       Max displacement = 1.8261
Regularization Loss = 0
Descriptor Loss = 0.1368074
   System 40CH3OH-CG:
       Acceptance ratio = 0.502
       Max displacement = 2.2579
Regularization Loss = 0
Descriptor Loss = 0.15877577
   System 10CH3OH-CG:
       Acceptance ratio = 0.5027
       Max displacement = 8.239
Regularization Loss = 0
Descriptor Loss = 0.62525962
   
Total Average Loss = 0.38337308

Iteration 56...
   System 100CH3OH-CG:
       Acceptance ratio = 0.4974
       Max displacement = 1.3797
Regularization Loss = 0
Descriptor Loss = 0.58479322
   System 60CH3OH-CG:
       Acceptance ratio = 0.5003
       Max displacement = 1.837
Regularization Loss = 0
Descriptor Loss = 0.13451024
   System 40CH3OH-CG:
       Acceptance ratio = 0.5023
       Max displacement = 2.2688
Regularization Loss = 0
Descriptor Loss = 0.17190719
   System 10CH3OH-CG:
       Acceptance ratio = 0.4969
       Max displacement = 8.9133
Regularization Loss = 0
Descriptor Loss = 0.61908532
   
Total Average Loss = 0.37757399

Iteration 57...
   System 100CH3OH-CG:
       Acceptance ratio = 0.4903
       Max displacement = 1.39
Regularization Loss = 0
Descriptor Loss = 0.53317477
   System 60CH3OH-CG:
       Acceptance ratio = 0.4933
       Max displacement = 1.8648
Regularization Loss = 0
Descriptor Loss = 0.14138403
   System 40CH3OH-CG:
       Acceptance ratio = 0.5052
       Max displacement = 2.2574
Regularization Loss = 0
Descriptor Loss = 0.16777671
   System 10CH3OH-CG:
       Acceptance ratio = 0.5
       Max displacement = 8.3394
Regularization Loss = 0
Descriptor Loss = 0.67493903
   
Total Average Loss = 0.37931864

Iteration 58...
   System 100CH3OH-CG:
       Acceptance ratio = 0.5056
       Max displacement = 1.3525
Regularization Loss = 0
Descriptor Loss = 0.58587569
   System 60CH3OH-CG:
       Acceptance ratio = 0.501
       Max displacement = 1.8599
Regularization Loss = 0
Descriptor Loss = 0.12585323
   System 40CH3OH-CG:
       Acceptance ratio = 0.4943
       Max displacement = 2.3668
Regularization Loss = 0
Descriptor Loss = 0.17391856
   System 10CH3OH-CG:
       Acceptance ratio = 0.4986
       Max displacement = 8.6381
Regularization Loss = 0
Descriptor Loss = 0.68513269
   
Total Average Loss = 0.39269504

Iteration 59...
   System 100CH3OH-CG:
       Acceptance ratio = 0.5067
       Max displacement = 1.2832
Regularization Loss = 0
Descriptor Loss = 0.45788848
   System 60CH3OH-CG:
       Acceptance ratio = 0.5004
       Max displacement = 1.8155
Regularization Loss = 0
Descriptor Loss = 0.13119935
   System 40CH3OH-CG:
       Acceptance ratio = 0.5051
       Max displacement = 2.302
Regularization Loss = 0
Descriptor Loss = 0.17450679
   System 10CH3OH-CG:
       Acceptance ratio = 0.502
       Max displacement = 8.3826
Regularization Loss = 0
Descriptor Loss = 0.70542896
   
Total Average Loss = 0.3672559

Iteration 60...
   System 100CH3OH-CG:
       Acceptance ratio = 0.4984
       Max displacement = 1.382
Regularization Loss = 0
Descriptor Loss = 0.52609755
   System 60CH3OH-CG:
       Acceptance ratio = 0.4992
       Max displacement = 1.8433
Regularization Loss = 0
Descriptor Loss = 0.1270803
   System 40CH3OH-CG:
       Acceptance ratio = 0.5021
       Max displacement = 2.3164
Regularization Loss = 0
Descriptor Loss = 0.16814458
   System 10CH3OH-CG:
       Acceptance ratio = 0.4991
       Max displacement = 9.2272
Regularization Loss = 0
Descriptor Loss = 0.6980821
   
Total Average Loss = 0.37985113

Iteration 61...
   System 100CH3OH-CG:
       Acceptance ratio = 0.4988
       Max displacement = 1.2794
Regularization Loss = 0
Descriptor Loss = 0.41731918
   System 60CH3OH-CG:
       Acceptance ratio = 0.4936
       Max displacement = 1.8557
Regularization Loss = 0
Descriptor Loss = 0.12952445
   System 40CH3OH-CG:
       Acceptance ratio = 0.4994
       Max displacement = 2.3859
Regularization Loss = 0
Descriptor Loss = 0.15370004
   System 10CH3OH-CG:
       Acceptance ratio = 0.498
       Max displacement = 9.583
Regularization Loss = 0
Descriptor Loss = 0.72752744
   
Total Average Loss = 0.35701778

Iteration 62...
   System 100CH3OH-CG:
       Acceptance ratio = 0.501
       Max displacement = 1.2788
Regularization Loss = 0
Descriptor Loss = 0.43051933
   System 60CH3OH-CG:
       Acceptance ratio = 0.5004
       Max displacement = 1.8408
Regularization Loss = 0
Descriptor Loss = 0.11591863
   System 40CH3OH-CG:
       Acceptance ratio = 0.5013
       Max displacement = 2.348
Regularization Loss = 0
Descriptor Loss = 0.15750712
   System 10CH3OH-CG:
       Acceptance ratio = 0.5017
       Max displacement = 8.9982
Regularization Loss = 0
Descriptor Loss = 0.722068
   
Total Average Loss = 0.35650327

Iteration 63...
   System 100CH3OH-CG:
       Acceptance ratio = 0.5013
       Max displacement = 1.3641
Regularization Loss = 0
Descriptor Loss = 0.56829606
   System 60CH3OH-CG:
       Acceptance ratio = 0.5001
       Max displacement = 1.8389
Regularization Loss = 0
Descriptor Loss = 0.11929125
   System 40CH3OH-CG:
       Acceptance ratio = 0.5002
       Max displacement = 2.3714
Regularization Loss = 0
Descriptor Loss = 0.1431452
   System 10CH3OH-CG:
       Acceptance ratio = 0.4988
       Max displacement = 9.5201
Regularization Loss = 0
Descriptor Loss = 0.7447804
   
Total Average Loss = 0.39387822

Iteration 64...
   System 100CH3OH-CG:
       Acceptance ratio = 0.4943
       Max displacement = 1.4899
Regularization Loss = 0
Descriptor Loss = 0.75368673
   System 60CH3OH-CG:
       Acceptance ratio = 0.5023
       Max displacement = 1.8343
Regularization Loss = 0
Descriptor Loss = 0.10776582
   System 40CH3OH-CG:
       Acceptance ratio = 0.5078
       Max displacement = 2.265
Regularization Loss = 0
Descriptor Loss = 0.14085159
   System 10CH3OH-CG:
       Acceptance ratio = 0.5081
       Max displacement = 8.166
Regularization Loss = 0
Descriptor Loss = 0.71661152
   
Total Average Loss = 0.42972891

Iteration 65...
   System 100CH3OH-CG:
       Acceptance ratio = 0.4984
       Max displacement = 1.3859
Regularization Loss = 0
Descriptor Loss = 0.6109509
   System 60CH3OH-CG:
       Acceptance ratio = 0.4957
       Max displacement = 1.8741
Regularization Loss = 0
Descriptor Loss = 0.1137238
   System 40CH3OH-CG:
       Acceptance ratio = 0.4996
       Max displacement = 2.3709
Regularization Loss = 0
Descriptor Loss = 0.13151345
   System 10CH3OH-CG:
       Acceptance ratio = 0.5009
       Max displacement = 8.8912
Regularization Loss = 0
Descriptor Loss = 0.70922117
   
Total Average Loss = 0.39135233

Iteration 66...
   System 100CH3OH-CG:
       Acceptance ratio = 0.5031
       Max displacement = 1.3476
Regularization Loss = 0
Descriptor Loss = 0.60036388
   System 60CH3OH-CG:
       Acceptance ratio = 0.4979
       Max displacement = 1.8578
Regularization Loss = 0
Descriptor Loss = 0.11530236
   System 40CH3OH-CG:
       Acceptance ratio = 0.4983
       Max displacement = 2.3546
Regularization Loss = 0
Descriptor Loss = 0.12326784
   System 10CH3OH-CG:
       Acceptance ratio = 0.4988
       Max displacement = 9.1771
Regularization Loss = 0
Descriptor Loss = 0.66675614
   
Total Average Loss = 0.37642256

Iteration 67...
   System 100CH3OH-CG:
       Acceptance ratio = 0.5014
       Max displacement = 1.3135
Regularization Loss = 0
Descriptor Loss = 0.55122531
   System 60CH3OH-CG:
       Acceptance ratio = 0.5004
       Max displacement = 1.8294
Regularization Loss = 0
Descriptor Loss = 0.12127375
   System 40CH3OH-CG:
       Acceptance ratio = 0.4958
       Max displacement = 2.4046
Regularization Loss = 0
Descriptor Loss = 0.11966604
   System 10CH3OH-CG:
       Acceptance ratio = 0.4976
       Max displacement = 9.4724
Regularization Loss = 0
Descriptor Loss = 0.64652035
   
Total Average Loss = 0.35967136

Iteration 68...
   System 100CH3OH-CG:
       Acceptance ratio = 0.501
       Max displacement = 1.2917
Regularization Loss = 0
Descriptor Loss = 0.5511583
   System 60CH3OH-CG:
       Acceptance ratio = 0.4946
       Max displacement = 1.9009
Regularization Loss = 0
Descriptor Loss = 0.11748883
   System 40CH3OH-CG:
       Acceptance ratio = 0.4963
       Max displacement = 2.4075
Regularization Loss = 0
Descriptor Loss = 0.11822063
   System 10CH3OH-CG:
       Acceptance ratio = 0.497
       Max displacement = 9.3697
Regularization Loss = 0
Descriptor Loss = 0.62355523
   
Total Average Loss = 0.35260575

Iteration 69...
   System 100CH3OH-CG:
       Acceptance ratio = 0.504
       Max displacement = 1.307
Regularization Loss = 0
Descriptor Loss = 0.60702047
   System 60CH3OH-CG:
       Acceptance ratio = 0.5094
       Max displacement = 1.7763
Regularization Loss = 0
Descriptor Loss = 0.13182318
   System 40CH3OH-CG:
       Acceptance ratio = 0.497
       Max displacement = 2.3712
Regularization Loss = 0
Descriptor Loss = 0.11431011
   System 10CH3OH-CG:
       Acceptance ratio = 0.498
       Max displacement = 9.3427
Regularization Loss = 0
Descriptor Loss = 0.58507282
   
Total Average Loss = 0.35955664

Iteration 70...
   System 100CH3OH-CG:
       Acceptance ratio = 0.4964
       Max displacement = 1.308
Regularization Loss = 0
Descriptor Loss = 0.56784884
   System 60CH3OH-CG:
       Acceptance ratio = 0.5045
       Max displacement = 1.805
Regularization Loss = 0
Descriptor Loss = 0.13694817
   System 40CH3OH-CG:
       Acceptance ratio = 0.4956
       Max displacement = 2.3768
Regularization Loss = 0
Descriptor Loss = 0.11074336
   System 10CH3OH-CG:
       Acceptance ratio = 0.4998
       Max displacement = 8.7884
Regularization Loss = 0
Descriptor Loss = 0.55527008
   
Total Average Loss = 0.34270261

Iteration 71...
   System 100CH3OH-CG:
       Acceptance ratio = 0.5066
       Max displacement = 1.28
Regularization Loss = 0
Descriptor Loss = 0.62107288
   System 60CH3OH-CG:
       Acceptance ratio = 0.4967
       Max displacement = 1.8711
Regularization Loss = 0
Descriptor Loss = 0.14336309
   System 40CH3OH-CG:
       Acceptance ratio = 0.5002
       Max displacement = 2.3744
Regularization Loss = 0
Descriptor Loss = 0.11072642
   System 10CH3OH-CG:
       Acceptance ratio = 0.4992
       Max displacement = 9.0405
Regularization Loss = 0
Descriptor Loss = 0.5343465
   
Total Average Loss = 0.35237722

Iteration 72...
   System 100CH3OH-CG:
       Acceptance ratio = 0.5039
       Max displacement = 1.3209
Regularization Loss = 0
Descriptor Loss = 0.65767124
   System 60CH3OH-CG:
       Acceptance ratio = 0.5001
       Max displacement = 1.8333
Regularization Loss = 0
Descriptor Loss = 0.141496
   System 40CH3OH-CG:
       Acceptance ratio = 0.5025
       Max displacement = 2.3396
Regularization Loss = 0
Descriptor Loss = 0.11718101
   System 10CH3OH-CG:
       Acceptance ratio = 0.5029
       Max displacement = 8.3672
Regularization Loss = 0
Descriptor Loss = 0.52715441
   
Total Average Loss = 0.36087567

Iteration 73...
   System 100CH3OH-CG:
       Acceptance ratio = 0.4984
       Max displacement = 1.353
Regularization Loss = 0
Descriptor Loss = 0.68442523
   System 60CH3OH-CG:
       Acceptance ratio = 0.5049
       Max displacement = 1.8094
Regularization Loss = 0
Descriptor Loss = 0.15259862
   System 40CH3OH-CG:
       Acceptance ratio = 0.5006
       Max displacement = 2.322
Regularization Loss = 0
Descriptor Loss = 0.11164528
   System 10CH3OH-CG:
       Acceptance ratio = 0.4982
       Max displacement = 8.7875
Regularization Loss = 0
Descriptor Loss = 0.48041437
   
Total Average Loss = 0.35727087

Iteration 74...
   System 100CH3OH-CG:
       Acceptance ratio = 0.5089
       Max displacement = 1.3103
Regularization Loss = 0
Descriptor Loss = 0.71046348
   System 60CH3OH-CG:
       Acceptance ratio = 0.5041
       Max displacement = 1.824
Regularization Loss = 0
Descriptor Loss = 0.14568081
   System 40CH3OH-CG:
       Acceptance ratio = 0.5061
       Max displacement = 2.2906
Regularization Loss = 0
Descriptor Loss = 0.11109702
   System 10CH3OH-CG:
       Acceptance ratio = 0.4978
       Max displacement = 8.9632
Regularization Loss = 0
Descriptor Loss = 0.49412324
   
Total Average Loss = 0.36534114

Iteration 75...
   System 100CH3OH-CG:
       Acceptance ratio = 0.4893
       Max displacement = 1.4487
Regularization Loss = 0
Descriptor Loss = 0.76693506
   System 60CH3OH-CG:
       Acceptance ratio = 0.4978
       Max displacement = 1.874
Regularization Loss = 0
Descriptor Loss = 0.14121489
   System 40CH3OH-CG:
       Acceptance ratio = 0.4971
       Max displacement = 2.336
Regularization Loss = 0
Descriptor Loss = 0.11192859
   System 10CH3OH-CG:
       Acceptance ratio = 0.4979
       Max displacement = 9.0038
Regularization Loss = 0
Descriptor Loss = 0.52137116
   
Total Average Loss = 0.38536243

Iteration 76...
   System 100CH3OH-CG:
       Acceptance ratio = 0.4993
       Max displacement = 1.2898
Regularization Loss = 0
Descriptor Loss = 0.58610614
   System 60CH3OH-CG:
       Acceptance ratio = 0.4992
       Max displacement = 1.8714
Regularization Loss = 0
Descriptor Loss = 0.13368889
   System 40CH3OH-CG:
       Acceptance ratio = 0.5103
       Max displacement = 2.2893
Regularization Loss = 0
Descriptor Loss = 0.10224501
   System 10CH3OH-CG:
       Acceptance ratio = 0.499
       Max displacement = 9.0373
Regularization Loss = 0
Descriptor Loss = 0.51390728
   
Total Average Loss = 0.33398683

Iteration 77...
   System 100CH3OH-CG:
       Acceptance ratio = 0.5018
       Max displacement = 1.3211
Regularization Loss = 0
Descriptor Loss = 0.63913317
   System 60CH3OH-CG:
       Acceptance ratio = 0.5011
       Max displacement = 1.7985
Regularization Loss = 0
Descriptor Loss = 0.13878405
   System 40CH3OH-CG:
       Acceptance ratio = 0.4911
       Max displacement = 2.4358
Regularization Loss = 0
Descriptor Loss = 0.1104536
   System 10CH3OH-CG:
       Acceptance ratio = 0.5014
       Max displacement = 8.8093
Regularization Loss = 0
Descriptor Loss = 0.54272126
   
Total Average Loss = 0.35777302

Iteration 78...
   System 100CH3OH-CG:
       Acceptance ratio = 0.4914
       Max displacement = 1.3723
Regularization Loss = 0
Descriptor Loss = 0.61798464
   System 60CH3OH-CG:
       Acceptance ratio = 0.4968
       Max displacement = 1.8385
Regularization Loss = 0
Descriptor Loss = 0.13421155
   System 40CH3OH-CG:
       Acceptance ratio = 0.4945
       Max displacement = 2.4397
Regularization Loss = 0
Descriptor Loss = 0.10130554
   System 10CH3OH-CG:
       Acceptance ratio = 0.503
       Max displacement = 8.6002
Regularization Loss = 0
Descriptor Loss = 0.55237833
   
Total Average Loss = 0.35147002

Iteration 79...
   System 100CH3OH-CG:
       Acceptance ratio = 0.501
       Max displacement = 1.3315
Regularization Loss = 0
Descriptor Loss = 0.61841436
   System 60CH3OH-CG:
       Acceptance ratio = 0.5029
       Max displacement = 1.8018
Regularization Loss = 0
Descriptor Loss = 0.12602326
   System 40CH3OH-CG:
       Acceptance ratio = 0.4966
       Max displacement = 2.3671
Regularization Loss = 0
Descriptor Loss = 0.11782292
   System 10CH3OH-CG:
       Acceptance ratio = 0.499
       Max displacement = 9.7739
Regularization Loss = 0
Descriptor Loss = 0.57351751
   
Total Average Loss = 0.35894452

Iteration 80...
   System 100CH3OH-CG:
       Acceptance ratio = 0.4973
       Max displacement = 1.3737
Regularization Loss = 0
Descriptor Loss = 0.65361301
   System 60CH3OH-CG:
       Acceptance ratio = 0.5004
       Max displacement = 1.8248
Regularization Loss = 0
Descriptor Loss = 0.12774305
   System 40CH3OH-CG:
       Acceptance ratio = 0.4997
       Max displacement = 2.3368
Regularization Loss = 0
Descriptor Loss = 0.11412612
   System 10CH3OH-CG:
       Acceptance ratio = 0.4958
       Max displacement = 10.3657
Regularization Loss = 0
Descriptor Loss = 0.59461753
   
Total Average Loss = 0.37252493

Iteration 81...
   System 100CH3OH-CG:
       Acceptance ratio = 0.4879
       Max displacement = 1.4217
Regularization Loss = 0
Descriptor Loss = 0.62086954
   System 60CH3OH-CG:
       Acceptance ratio = 0.4995
       Max displacement = 1.8471
Regularization Loss = 0
Descriptor Loss = 0.12826665
   System 40CH3OH-CG:
       Acceptance ratio = 0.4991
       Max displacement = 2.3712
Regularization Loss = 0
Descriptor Loss = 0.11770631
   System 10CH3OH-CG:
       Acceptance ratio = 0.5
       Max displacement = 9.0232
Regularization Loss = 0
Descriptor Loss = 0.57211825
   
Total Average Loss = 0.35974019

Iteration 82...
   System 100CH3OH-CG:
       Acceptance ratio = 0.4943
       Max displacement = 1.4084
Regularization Loss = 0
Descriptor Loss = 0.66382812
   System 60CH3OH-CG:
       Acceptance ratio = 0.4954
       Max displacement = 1.8878
Regularization Loss = 0
Descriptor Loss = 0.11821982
   System 40CH3OH-CG:
       Acceptance ratio = 0.4945
       Max displacement = 2.3741
Regularization Loss = 0
Descriptor Loss = 0.12296562
   System 10CH3OH-CG:
       Acceptance ratio = 0.4994
       Max displacement = 9.3718
Regularization Loss = 0
Descriptor Loss = 0.5864585
   
Total Average Loss = 0.37286801

Iteration 83...
   System 100CH3OH-CG:
       Acceptance ratio = 0.4948
       Max displacement = 1.3649
Regularization Loss = 0
Descriptor Loss = 0.59522145
   System 60CH3OH-CG:
       Acceptance ratio = 0.5006
       Max displacement = 1.7955
Regularization Loss = 0
Descriptor Loss = 0.13398217
   System 40CH3OH-CG:
       Acceptance ratio = 0.496
       Max displacement = 2.4019
Regularization Loss = 0
Descriptor Loss = 0.12102868
   System 10CH3OH-CG:
       Acceptance ratio = 0.5042
       Max displacement = 8.4541
Regularization Loss = 0
Descriptor Loss = 0.57171084
   
Total Average Loss = 0.35548579

Iteration 84...
   System 100CH3OH-CG:
       Acceptance ratio = 0.5024
       Max displacement = 1.2717
Regularization Loss = 0
Descriptor Loss = 0.49795432
   System 60CH3OH-CG:
       Acceptance ratio = 0.4989
       Max displacement = 1.8408
Regularization Loss = 0
Descriptor Loss = 0.12120894
   System 40CH3OH-CG:
       Acceptance ratio = 0.4984
       Max displacement = 2.3584
Regularization Loss = 0
Descriptor Loss = 0.12711947
   System 10CH3OH-CG:
       Acceptance ratio = 0.5022
       Max displacement = 8.6575
Regularization Loss = 0
Descriptor Loss = 0.57497617
   
Total Average Loss = 0.33031472

Iteration 85...
   System 100CH3OH-CG:
       Acceptance ratio = 0.4946
       Max displacement = 1.3311
Regularization Loss = 0
Descriptor Loss = 0.52742801
   System 60CH3OH-CG:
       Acceptance ratio = 0.4946
       Max displacement = 1.8745
Regularization Loss = 0
Descriptor Loss = 0.11939451
   System 40CH3OH-CG:
       Acceptance ratio = 0.5039
       Max displacement = 2.3332
Regularization Loss = 0
Descriptor Loss = 0.1228836
   System 10CH3OH-CG:
       Acceptance ratio = 0.5001
       Max displacement = 9.1434
Regularization Loss = 0
Descriptor Loss = 0.56284138
   
Total Average Loss = 0.33313688

Iteration 86...
   System 100CH3OH-CG:
       Acceptance ratio = 0.4954
       Max displacement = 1.3466
Regularization Loss = 0
Descriptor Loss = 0.5516241
   System 60CH3OH-CG:
       Acceptance ratio = 0.4942
       Max displacement = 1.8795
Regularization Loss = 0
Descriptor Loss = 0.11969678
   System 40CH3OH-CG:
       Acceptance ratio = 0.5067
       Max displacement = 2.2692
Regularization Loss = 0
Descriptor Loss = 0.12398295
   System 10CH3OH-CG:
       Acceptance ratio = 0.502
       Max displacement = 8.6031
Regularization Loss = 0
Descriptor Loss = 0.5724483
   
Total Average Loss = 0.34193803

Iteration 87...
   System 100CH3OH-CG:
       Acceptance ratio = 0.5038
       Max displacement = 1.2546
Regularization Loss = 0
Descriptor Loss = 0.51021884
   System 60CH3OH-CG:
       Acceptance ratio = 0.4983
       Max displacement = 1.8291
Regularization Loss = 0
Descriptor Loss = 0.12288362
   System 40CH3OH-CG:
       Acceptance ratio = 0.4982
       Max displacement = 2.3232
Regularization Loss = 0
Descriptor Loss = 0.1332606
   System 10CH3OH-CG:
       Acceptance ratio = 0.4983
       Max displacement = 9.2516
Regularization Loss = 0
Descriptor Loss = 0.56436254
   
Total Average Loss = 0.3326814

Iteration 88...
   System 100CH3OH-CG:
       Acceptance ratio = 0.4906
       Max displacement = 1.3926
Regularization Loss = 0
Descriptor Loss = 0.60909183
   System 60CH3OH-CG:
       Acceptance ratio = 0.5112
       Max displacement = 1.7554
Regularization Loss = 0
Descriptor Loss = 0.11964027
   System 40CH3OH-CG:
       Acceptance ratio = 0.4948
       Max displacement = 2.3871
Regularization Loss = 0
Descriptor Loss = 0.12121316
   System 10CH3OH-CG:
       Acceptance ratio = 0.5022
       Max displacement = 8.5259
Regularization Loss = 0
Descriptor Loss = 0.56994249
   
Total Average Loss = 0.35497194

Iteration 89...
   System 100CH3OH-CG:
       Acceptance ratio = 0.5089
       Max displacement = 1.2598
Regularization Loss = 0
Descriptor Loss = 0.55582078
   System 60CH3OH-CG:
       Acceptance ratio = 0.4971
       Max displacement = 1.8289
Regularization Loss = 0
Descriptor Loss = 0.12417153
   System 40CH3OH-CG:
       Acceptance ratio = 0.5068
       Max displacement = 2.2704
Regularization Loss = 0
Descriptor Loss = 0.11783088
   System 10CH3OH-CG:
       Acceptance ratio = 0.5012
       Max displacement = 8.8132
Regularization Loss = 0
Descriptor Loss = 0.55700852
   
Total Average Loss = 0.33870793

Iteration 90...
   System 100CH3OH-CG:
       Acceptance ratio = 0.5051
       Max displacement = 1.2769
Regularization Loss = 0
Descriptor Loss = 0.55317172
   System 60CH3OH-CG:
       Acceptance ratio = 0.5025
       Max displacement = 1.8138
Regularization Loss = 0
Descriptor Loss = 0.12140871
   System 40CH3OH-CG:
       Acceptance ratio = 0.5053
       Max displacement = 2.2864
Regularization Loss = 0
Descriptor Loss = 0.11025571
   System 10CH3OH-CG:
       Acceptance ratio = 0.5047
       Max displacement = 8.4468
Regularization Loss = 0
Descriptor Loss = 0.55682249
   
Total Average Loss = 0.33541466

Iteration 91...
   System 100CH3OH-CG:
       Acceptance ratio = 0.4974
       Max displacement = 1.2859
Regularization Loss = 0
Descriptor Loss = 0.50886496
   System 60CH3OH-CG:
       Acceptance ratio = 0.4971
       Max displacement = 1.8587
Regularization Loss = 0
Descriptor Loss = 0.12276149
   System 40CH3OH-CG:
       Acceptance ratio = 0.5096
       Max displacement = 2.2622
Regularization Loss = 0
Descriptor Loss = 0.11120339
   System 10CH3OH-CG:
       Acceptance ratio = 0.5021
       Max displacement = 8.9459
Regularization Loss = 0
Descriptor Loss = 0.55215442
   
Total Average Loss = 0.32374606

Iteration 92...
   System 100CH3OH-CG:
       Acceptance ratio = 0.4963
       Max displacement = 1.31
Regularization Loss = 0
Descriptor Loss = 0.54303161
   System 60CH3OH-CG:
       Acceptance ratio = 0.507
       Max displacement = 1.7286
Regularization Loss = 0
Descriptor Loss = 0.13657584
   System 40CH3OH-CG:
       Acceptance ratio = 0.5
       Max displacement = 2.3151
Regularization Loss = 0
Descriptor Loss = 0.12523612
   System 10CH3OH-CG:
       Acceptance ratio = 0.4969
       Max displacement = 9.4143
Regularization Loss = 0
Descriptor Loss = 0.54076087
   
Total Average Loss = 0.33640111

Iteration 93...
   System 100CH3OH-CG:
       Acceptance ratio = 0.4892
       Max displacement = 1.3331
Regularization Loss = 0
Descriptor Loss = 0.53423985
   System 60CH3OH-CG:
       Acceptance ratio = 0.4952
       Max displacement = 1.8773
Regularization Loss = 0
Descriptor Loss = 0.1276155
   System 40CH3OH-CG:
       Acceptance ratio = 0.4932
       Max displacement = 2.3462
Regularization Loss = 0
Descriptor Loss = 0.11884105
   System 10CH3OH-CG:
       Acceptance ratio = 0.4984
       Max displacement = 8.958
Regularization Loss = 0
Descriptor Loss = 0.53192318
   
Total Average Loss = 0.32815489

Iteration 94...
   System 100CH3OH-CG:
       Acceptance ratio = 0.4952
       Max displacement = 1.3978
Regularization Loss = 0
Descriptor Loss = 0.70037184
   System 60CH3OH-CG:
       Acceptance ratio = 0.5106
       Max displacement = 1.7593
Regularization Loss = 0
Descriptor Loss = 0.12358285
   System 40CH3OH-CG:
       Acceptance ratio = 0.4944
       Max displacement = 2.4013
Regularization Loss = 0
Descriptor Loss = 0.11099313
   System 10CH3OH-CG:
       Acceptance ratio = 0.5038
       Max displacement = 8.5534
Regularization Loss = 0
Descriptor Loss = 0.51355534
   
Total Average Loss = 0.36212579

Iteration 95...
   System 100CH3OH-CG:
       Acceptance ratio = 0.5021
       Max displacement = 1.2674
Regularization Loss = 0
Descriptor Loss = 0.54056168
   System 60CH3OH-CG:
       Acceptance ratio = 0.5043
       Max displacement = 1.7677
Regularization Loss = 0
Descriptor Loss = 0.13669881
   System 40CH3OH-CG:
       Acceptance ratio = 0.5018
       Max displacement = 2.2908
Regularization Loss = 0
Descriptor Loss = 0.11417643
   System 10CH3OH-CG:
       Acceptance ratio = 0.5001
       Max displacement = 8.7292
Regularization Loss = 0
Descriptor Loss = 0.48586639
   
Total Average Loss = 0.31932583

Iteration 96...
   System 100CH3OH-CG:
       Acceptance ratio = 0.5042
       Max displacement = 1.252
Regularization Loss = 0
Descriptor Loss = 0.54848202
   System 60CH3OH-CG:
       Acceptance ratio = 0.4915
       Max displacement = 1.8991
Regularization Loss = 0
Descriptor Loss = 0.12171614
   System 40CH3OH-CG:
       Acceptance ratio = 0.5021
       Max displacement = 2.318
Regularization Loss = 0
Descriptor Loss = 0.10991009
   System 10CH3OH-CG:
       Acceptance ratio = 0.4958
       Max displacement = 9.6047
Regularization Loss = 0
Descriptor Loss = 0.49143198
   
Total Average Loss = 0.31788506

Iteration 97...
   System 100CH3OH-CG:
       Acceptance ratio = 0.498
       Max displacement = 1.3386
Regularization Loss = 0
Descriptor Loss = 0.62931545
   System 60CH3OH-CG:
       Acceptance ratio = 0.5055
       Max displacement = 1.7643
Regularization Loss = 0
Descriptor Loss = 0.13515312
   System 40CH3OH-CG:
       Acceptance ratio = 0.5057
       Max displacement = 2.2855
Regularization Loss = 0
Descriptor Loss = 0.11204336
   System 10CH3OH-CG:
       Acceptance ratio = 0.4985
       Max displacement = 8.9473
Regularization Loss = 0
Descriptor Loss = 0.48114508
   
Total Average Loss = 0.33941425

Iteration 98...
   System 100CH3OH-CG:
       Acceptance ratio = 0.4969
       Max displacement = 1.3251
Regularization Loss = 0
Descriptor Loss = 0.60656253
   System 60CH3OH-CG:
       Acceptance ratio = 0.5003
       Max displacement = 1.7665
Regularization Loss = 0
Descriptor Loss = 0.13996611
   System 40CH3OH-CG:
       Acceptance ratio = 0.502
       Max displacement = 2.3093
Regularization Loss = 0
Descriptor Loss = 0.11951616
   System 10CH3OH-CG:
       Acceptance ratio = 0.4998
       Max displacement = 8.8248
Regularization Loss = 0
Descriptor Loss = 0.45881862
   
Total Average Loss = 0.33121586

Iteration 99...
   System 100CH3OH-CG:
       Acceptance ratio = 0.4997
       Max displacement = 1.3265
Regularization Loss = 0
Descriptor Loss = 0.61685409
   System 60CH3OH-CG:
       Acceptance ratio = 0.5016
       Max displacement = 1.8506
Regularization Loss = 0
Descriptor Loss = 0.13172719
   System 40CH3OH-CG:
       Acceptance ratio = 0.4973
       Max displacement = 2.3348
Regularization Loss = 0
Descriptor Loss = 0.11288811
   System 10CH3OH-CG:
       Acceptance ratio = 0.5026
       Max displacement = 8.6286
Regularization Loss = 0
Descriptor Loss = 0.46498628
   
Total Average Loss = 0.33161392

Iteration 100...
   System 100CH3OH-CG:
       Acceptance ratio = 0.4934
       Max displacement = 1.3365
Regularization Loss = 0
Descriptor Loss = 0.59277515
   System 60CH3OH-CG:
       Acceptance ratio = 0.504
       Max displacement = 1.7894
Regularization Loss = 0
Descriptor Loss = 0.13433107
   System 40CH3OH-CG:
       Acceptance ratio = 0.4888
       Max displacement = 2.4505
Regularization Loss = 0
Descriptor Loss = 0.11619387
   System 10CH3OH-CG:
       Acceptance ratio = 0.4987
       Max displacement = 8.9485
Regularization Loss = 0
Descriptor Loss = 0.47657106
   
Total Average Loss = 0.32996779
The training is finished!
Stopping at: 2024-04-27T08:20:36.496

Walltime: 1 day, 12 hours, 23 minutes, 24 seconds, 12 milliseconds
